2020-08-31 13:46:21,251 WARN  [SoapUI] Missing folder [C:\Users\MDAHMAD\Desktop\Webservicesproroject\my-app\ext] for external libraries
2020-08-31 13:46:21,838 INFO  [DefaultSoapUICore] initialized soapui-settings from [C:\Users\MDAHMAD\soapui-settings.xml]
2020-08-31 13:46:28,558 INFO  [WsdlProject] Loaded project from [file:/C:/Users/MDAHMAD/Desktop/Webservicesproroject/my-app/SalesOrder-soapui-project.xml]
2020-08-31 13:46:29,171 INFO  [SoapUITestCaseRunner] Running SoapUI tests in project [SalesOrder]
2020-08-31 13:46:29,182 INFO  [SoapUITestCaseRunner] Running Project [SalesOrder], runType = SEQUENTIAL
2020-08-31 13:46:29,255 INFO  [SoapUITestCaseRunner] Running SoapUI testcase [TestCase 1]
2020-08-31 13:46:29,303 INFO  [SoapUITestCaseRunner] running step [Properties]
2020-08-31 13:46:29,450 INFO  [SoapUITestCaseRunner] running step [Property Transfer]
2020-08-31 13:46:30,871 INFO  [SoapUITestCaseRunner] running step [save]
2020-08-31 13:46:33,471 INFO  [SoapUITestCaseRunner] Assertion [SOAP Response] has status VALID
2020-08-31 13:46:33,471 INFO  [SoapUITestCaseRunner] Assertion [Not SOAP Fault] has status VALID
2020-08-31 13:46:33,484 INFO  [SoapUITestCaseRunner] Finished running SoapUI testcase [TestCase 1], time taken: 4142ms, status: FINISHED
2020-08-31 13:46:33,496 INFO  [SoapUITestCaseRunner] Running SoapUI testcase [TestCase 2]
2020-08-31 13:46:33,497 INFO  [SoapUITestCaseRunner] running step [getlist]
2020-08-31 13:47:08,232 INFO  [SoapUITestCaseRunner] Assertion [SOAP Response] has status VALID
2020-08-31 13:47:08,234 INFO  [SoapUITestCaseRunner] Assertion [Not SOAP Fault] has status VALID
2020-08-31 13:47:08,246 INFO  [SoapUITestCaseRunner] Finished running SoapUI testcase [TestCase 2], time taken: 34733ms, status: FINISHED
2020-08-31 13:47:08,255 INFO  [SoapUITestCaseRunner] Running SoapUI testcase [TestCase 3]
2020-08-31 13:47:08,256 INFO  [SoapUITestCaseRunner] running step [Properties]
2020-08-31 13:47:08,262 INFO  [SoapUITestCaseRunner] running step [Property Transfer]
2020-08-31 13:47:08,275 INFO  [SoapUITestCaseRunner] running step [SalesOrderById]
2020-08-31 13:47:09,254 INFO  [SoapUITestCaseRunner] Assertion [SOAP Response] has status VALID
2020-08-31 13:47:09,273 INFO  [SoapUITestCaseRunner] Assertion [Not SOAP Fault] has status VALID
2020-08-31 13:47:09,277 INFO  [SoapUITestCaseRunner] Finished running SoapUI testcase [TestCase 3], time taken: 986ms, status: FINISHED
2020-08-31 13:47:09,309 INFO  [SoapUITestCaseRunner] Running SoapUI testcase [TestCase 4]
2020-08-31 13:47:09,314 INFO  [SoapUITestCaseRunner] running step [Properties]
2020-08-31 13:47:09,315 INFO  [SoapUITestCaseRunner] running step [Property Transfer]
2020-08-31 13:47:09,330 INFO  [SoapUITestCaseRunner] running step [GetStatus]
2020-08-31 13:47:10,108 INFO  [SoapUITestCaseRunner] Assertion [SOAP Response] has status VALID
2020-08-31 13:47:10,110 INFO  [SoapUITestCaseRunner] Assertion [Not SOAP Fault] has status VALID
2020-08-31 13:47:10,117 INFO  [SoapUITestCaseRunner] Finished running SoapUI testcase [TestCase 4], time taken: 778ms, status: FINISHED
2020-08-31 13:47:10,120 INFO  [SoapUITestCaseRunner] Running SoapUI testcase [TestCase 5]
2020-08-31 13:47:10,121 INFO  [SoapUITestCaseRunner] running step [Properties]
2020-08-31 13:47:10,122 INFO  [SoapUITestCaseRunner] running step [Property Transfer]
2020-08-31 13:47:10,137 INFO  [SoapUITestCaseRunner] running step [Cancel]
2020-08-31 13:47:10,999 INFO  [SoapUITestCaseRunner] Assertion [SOAP Response] has status VALID
2020-08-31 13:47:10,999 INFO  [SoapUITestCaseRunner] Assertion [Not SOAP Fault] has status VALID
2020-08-31 13:47:11,004 INFO  [SoapUITestCaseRunner] Finished running SoapUI testcase [TestCase 5], time taken: 870ms, status: FINISHED
2020-08-31 13:47:11,026 INFO  [SoapUITestCaseRunner] Running SoapUI testcase [TestCase 1]
2020-08-31 13:47:11,027 INFO  [SoapUITestCaseRunner] running step [Properties]
2020-08-31 13:47:11,033 INFO  [SoapUITestCaseRunner] running step [save]
2020-08-31 13:47:11,977 INFO  [SoapUITestCaseRunner] Assertion [SOAP Response] has status VALID
2020-08-31 13:47:11,978 INFO  [SoapUITestCaseRunner] Assertion [Not SOAP Fault] has status VALID
2020-08-31 13:47:11,980 INFO  [SoapUITestCaseRunner] Finished running SoapUI testcase [TestCase 1], time taken: 941ms, status: FINISHED
2020-08-31 13:47:11,990 INFO  [SoapUITestCaseRunner] Running SoapUI testcase [TestCase 2]
2020-08-31 13:47:11,995 INFO  [SoapUITestCaseRunner] running step [getlist]
2020-08-31 13:47:38,001 INFO  [SoapUITestCaseRunner] Assertion [SOAP Response] has status VALID
2020-08-31 13:47:38,006 INFO  [SoapUITestCaseRunner] Assertion [Not SOAP Fault] has status VALID
2020-08-31 13:47:38,008 INFO  [SoapUITestCaseRunner] Finished running SoapUI testcase [TestCase 2], time taken: 26005ms, status: FINISHED
2020-08-31 13:47:38,011 INFO  [SoapUITestCaseRunner] Running SoapUI testcase [TestCase 3]
2020-08-31 13:47:38,011 INFO  [SoapUITestCaseRunner] running step [Properties]
2020-08-31 13:47:38,014 INFO  [SoapUITestCaseRunner] running step [SalesOrderById]
2020-08-31 13:47:38,847 INFO  [SoapUITestCaseRunner] Assertion [SOAP Response] has status VALID
2020-08-31 13:47:38,847 INFO  [SoapUITestCaseRunner] Assertion [Not SOAP Fault] has status VALID
2020-08-31 13:47:38,850 INFO  [SoapUITestCaseRunner] Finished running SoapUI testcase [TestCase 3], time taken: 832ms, status: FINISHED
2020-08-31 13:47:38,854 INFO  [SoapUITestCaseRunner] Running SoapUI testcase [TesCase4]
2020-08-31 13:47:38,854 INFO  [SoapUITestCaseRunner] running step [Properties]
2020-08-31 13:47:38,856 INFO  [SoapUITestCaseRunner] running step [GetStatus]
2020-08-31 13:47:39,646 INFO  [SoapUITestCaseRunner] Assertion [SOAP Response] has status VALID
2020-08-31 13:47:39,647 INFO  [SoapUITestCaseRunner] Assertion [Not SOAP Fault] has status VALID
2020-08-31 13:47:39,656 INFO  [SoapUITestCaseRunner] Finished running SoapUI testcase [TesCase4], time taken: 780ms, status: FINISHED
2020-08-31 13:47:39,659 INFO  [SoapUITestCaseRunner] Running SoapUI testcase [TestCase 5]
2020-08-31 13:47:39,661 INFO  [SoapUITestCaseRunner] running step [Cancel]
2020-08-31 13:47:40,471 INFO  [SoapUITestCaseRunner] Assertion [SOAP Response] has status VALID
2020-08-31 13:47:40,474 INFO  [SoapUITestCaseRunner] Assertion [Not SOAP Fault] has status VALID
2020-08-31 13:47:40,475 INFO  [SoapUITestCaseRunner] running step [Properties]
2020-08-31 13:47:40,477 INFO  [SoapUITestCaseRunner] Finished running SoapUI testcase [TestCase 5], time taken: 810ms, status: FINISHED
2020-08-31 13:47:40,481 INFO  [SoapUITestCaseRunner] Project [SalesOrder] finished with status [FINISHED] in 71289ms
